<?xml version="1.0" encoding="UTF-8"?>
<testsuite failures="1" tests="3" errors="0" name="hats" skip="0">
<testcase classname="hats" name="Beanie test using Internet Explorer" time="9">
</testcase>
<testcase classname="hats" name="Beanie test using Chrome" time="9">
</testcase>
<testcase classname="hats" name="Beanie test using Firefox" time="2">
<failure message="WebDriverException: Message: Unable to find a matching set of capabilities&#10;" type="AssertionError"></failure>
</testcase>
</testsuite>
